#
# There is insufficient memory for the Java Runtime Environment to continue.
# Native memory allocation (mmap) failed to map 264241152 bytes for G1 virtual space
# Possible reasons:
#   The system is out of physical RAM or swap space
#   The process is running with CompressedOops enabled, and the Java Heap may be blocking the growth of the native heap
# Possible solutions:
#   Reduce memory load on the system
#   Increase physical memory or swap space
#   Check if swap backing store is full
#   Decrease Java heap size (-Xmx/-Xms)
#   Decrease number of Java threads
#   Decrease Java thread stack sizes (-Xss)
#   Set larger code cache with -XX:ReservedCodeCacheSize=
#   JVM is running with Zero Based Compressed Oops mode in which the Java heap is
#     placed in the first 32GB address space. The Java Heap base address is the
#     maximum limit for the native heap growth. Please use -XX:HeapBaseMinAddress
#     to set the Java Heap base and to place the Java Heap above 32GB virtual address.
# This output file may be truncated or incomplete.
#
#  Out of Memory Error (os_windows.cpp:3548), pid=28168, tid=21552
#
# JRE version:  (17.0.11+7) (build )
# Java VM: Java HotSpot(TM) 64-Bit Server VM (17.0.11+7-LTS-207, mixed mode, sharing, tiered, compressed oops, compressed class ptrs, g1 gc, windows-amd64)
# No core dump will be written. Minidumps are not enabled by default on client versions of Windows
#

---------------  S U M M A R Y ------------

Command Line: org.jetbrains.kotlin.cli.jvm.K2JVMCompiler @C:\ucuzyol\node_modules\@react-native\gradle-plugin\shared\build\20260201_4961639281663271730.compiler.options

Host: 12th Gen Intel(R) Core(TM) i7-12700H, 20 cores, 15G,  Windows 11 , 64 bit Build 26100 (10.0.26100.7705)
Time: Sun Feb  1 01:13:17 2026 Türkiye Standart Saati elapsed time: 0.012912 seconds (0d 0h 0m 0s)

---------------  T H R E A D  ---------------

Current thread (0x000002191b876bf0):  JavaThread "Unknown thread" [_thread_in_vm, id=21552, stack(0x00000034c0200000,0x00000034c0300000)]

Stack: [0x00000034c0200000,0x00000034c0300000]
Native frames: (J=compiled Java code, j=interpreted, Vv=VM code, C=native code)
V  [jvm.dll+0x679cca]
V  [jvm.dll+0x7da13d]
V  [jvm.dll+0x7dba83]
V  [jvm.dll+0x7dc0f3]
V  [jvm.dll+0x2449af]
V  [jvm.dll+0x676ce9]
V  [jvm.dll+0x66b852]
V  [jvm.dll+0x3018d6]
V  [jvm.dll+0x308e76]
V  [jvm.dll+0x3596ee]
V  [jvm.dll+0x35991f]
V  [jvm.dll+0x2d89a8]
V  [jvm.dll+0x2d9914]
V  [jvm.dll+0x7ac6b1]
V  [jvm.dll+0x366f61]
V  [jvm.dll+0x78b609]
V  [jvm.dll+0x3ec22f]
V  [jvm.dll+0x3ede61]
C  [jli.dll+0x5297]
C  [ucrtbase.dll+0x37b0]
C  [KERNEL32.DLL+0x2e8d7]
C  [ntdll.dll+0x8c40c]


---------------  P R O C E S S  ---------------

Threads class SMR info:
_java_thread_list=0x00007ffa35987a18, length=0, elements={
}

Java Threads: ( => current thread )

Other Threads:
  0x000002191b8e5910 GCTaskThread "GC Thread#0" [stack: 0x00000034c0300000,0x00000034c0400000] [id=17420]
  0x000002191b8f6490 ConcurrentGCThread "G1 Main Marker" [stack: 0x00000034c0400000,0x00000034c0500000] [id=28132]
  0x000002191b8f7a10 ConcurrentGCThread "G1 Conc#0" [stack: 0x00000034c0500000,0x00000034c0600000] [id=31384]

[error occurred during error reporting (printing all threads), id 0xc0000005, EXCEPTION_ACCESS_VIOLATION (0xc0000005) at pc=0x00007ffa351b9497]

VM state: not at safepoint (not fully initialized)

VM Mutex/Monitor currently owned by a thread:  ([mutex/lock_event])
[0x000002191b874190] Heap_lock - owner thread: 0x000002191b876bf0

Heap address: 0x0000000705200000, size: 4014 MB, Compressed Oops mode: Zero based, Oop shift amount: 3

CDS archive(s) mapped at: [0x0000000000000000-0x0000000000000000-0x0000000000000000), size 0, SharedBaseAddress: 0x0000000800000000, ArchiveRelocationMode: 1.
Narrow klass base: 0x0000000000000000, Narrow klass shift: 0, Narrow klass range: 0x0

GC Precious Log:
<Empty>

Heap:
 garbage-first heap   total 0K, used 0K [0x0000000705200000, 0x0000000800000000)
  region size 2048K, 0 young (0K), 0 survivors (0K)

[error occurred during error reporting (printing heap information), id 0xc0000005, EXCEPTION_ACCESS_VIOLATION (0xc0000005) at pc=0x00007ffa355a3559]

GC Heap History (0 events):
No events

Deoptimization events (0 events):
No events

Classes unloaded (0 events):
No events

Classes redefined (0 events):
No events

Internal exceptions (0 events):
No events

VM Operations (0 events):
No events

Events (1 events):
Event: 0.007 Loaded shared library C:\Program Files\Java\jdk-17\bin\java.dll


Dynamic libraries:
0x00007ff7345a0000 - 0x00007ff7345b0000 	C:\Program Files\Java\jdk-17\bin\java.exe
0x00007ffb77060000 - 0x00007ffb772c8000 	C:\WINDOWS\SYSTEM32\ntdll.dll
0x00007ffb764b0000 - 0x00007ffb76579000 	C:\WINDOWS\System32\KERNEL32.DLL
0x00007ffb745a0000 - 0x00007ffb74991000 	C:\WINDOWS\System32\KERNELBASE.dll
0x00007ffb73b20000 - 0x00007ffb73c6b000 	C:\WINDOWS\System32\ucrtbase.dll
0x00007ffb11900000 - 0x00007ffb11919000 	C:\Program Files\Java\jdk-17\bin\jli.dll
0x00007ffaccff0000 - 0x00007ffacd00b000 	C:\Program Files\Java\jdk-17\bin\VCRUNTIME140.dll
0x00007ffb763f0000 - 0x00007ffb764a4000 	C:\WINDOWS\System32\ADVAPI32.dll
0x00007ffb75f60000 - 0x00007ffb76009000 	C:\WINDOWS\System32\msvcrt.dll
0x00007ffb74e60000 - 0x00007ffb74f06000 	C:\WINDOWS\System32\sechost.dll
0x00007ffb75780000 - 0x00007ffb75898000 	C:\WINDOWS\System32\RPCRT4.dll
0x00007ffb75d90000 - 0x00007ffb75f56000 	C:\WINDOWS\System32\USER32.dll
0x00007ffb542f0000 - 0x00007ffb54583000 	C:\WINDOWS\WinSxS\amd64_microsoft.windows.common-controls_6595b64144ccf1df_6.0.26100.7705_none_3e06597ae3363b04\COMCTL32.dll
0x00007ffb74c50000 - 0x00007ffb74c77000 	C:\WINDOWS\System32\win32u.dll
0x00007ffb75990000 - 0x00007ffb759bb000 	C:\WINDOWS\System32\GDI32.dll
0x00007ffb73940000 - 0x00007ffb73a6b000 	C:\WINDOWS\System32\gdi32full.dll
0x00007ffb74ba0000 - 0x00007ffb74c43000 	C:\WINDOWS\System32\msvcp_win.dll
0x00007ffb69290000 - 0x00007ffb6929b000 	C:\WINDOWS\SYSTEM32\VERSION.dll
0x00007ffb76770000 - 0x00007ffb767a1000 	C:\WINDOWS\System32\IMM32.DLL
0x00007ffb004b0000 - 0x00007ffb004bc000 	C:\Program Files\Java\jdk-17\bin\vcruntime140_1.dll
0x00007ffa3c570000 - 0x00007ffa3c5fe000 	C:\Program Files\Java\jdk-17\bin\msvcp140.dll
0x00007ffa34ed0000 - 0x00007ffa35ab0000 	C:\Program Files\Java\jdk-17\bin\server\jvm.dll
0x00007ffb74f10000 - 0x00007ffb74f18000 	C:\WINDOWS\System32\PSAPI.DLL
0x00007ffad1c30000 - 0x00007ffad1c3a000 	C:\WINDOWS\SYSTEM32\WSOCK32.dll
0x00007ffb66620000 - 0x00007ffb66655000 	C:\WINDOWS\SYSTEM32\WINMM.dll
0x00007ffb759c0000 - 0x00007ffb75a34000 	C:\WINDOWS\System32\WS2_32.dll
0x00007ffb726b0000 - 0x00007ffb726cb000 	C:\WINDOWS\SYSTEM32\kernel.appcore.dll
0x00007ffab8e40000 - 0x00007ffab8e4a000 	C:\Program Files\Java\jdk-17\bin\jimage.dll
0x00007ffb71710000 - 0x00007ffb71952000 	C:\WINDOWS\SYSTEM32\DBGHELP.DLL
0x00007ffb76010000 - 0x00007ffb76396000 	C:\WINDOWS\System32\combase.dll
0x00007ffb765b0000 - 0x00007ffb76687000 	C:\WINDOWS\System32\OLEAUT32.dll
0x00007ffb61d80000 - 0x00007ffb61dbb000 	C:\WINDOWS\SYSTEM32\dbgcore.DLL
0x00007ffb73a70000 - 0x00007ffb73b15000 	C:\WINDOWS\System32\bcryptPrimitives.dll
0x00007ffa8d8f0000 - 0x00007ffa8d915000 	C:\Program Files\Java\jdk-17\bin\java.dll

dbghelp: loaded successfully - version: 4.0.5 - missing functions: none
symbol engine: initialized successfully - sym options: 0x614 - pdb path: .;C:\Program Files\Java\jdk-17\bin;C:\WINDOWS\SYSTEM32;C:\WINDOWS\WinSxS\amd64_microsoft.windows.common-controls_6595b64144ccf1df_6.0.26100.7705_none_3e06597ae3363b04;C:\Program Files\Java\jdk-17\bin\server

VM Arguments:
java_command: org.jetbrains.kotlin.cli.jvm.K2JVMCompiler @C:\ucuzyol\node_modules\@react-native\gradle-plugin\shared\build\20260201_4961639281663271730.compiler.options
java_class_path (initial): C:\Users\measl\.gradle\caches\modules-2\files-2.1\org.jetbrains.kotlin\kotlin-compiler-embeddable\2.1.20\4ef56b3316798316bfac7a0ae443391c9e900ea1\kotlin-compiler-embeddable-2.1.20.jar;C:\Users\measl\.gradle\caches\modules-2\files-2.1\org.jetbrains.kotlin\kotlin-stdlib\2.1.20\aa8ca79cd50578314f6d1180c47cbe14c0fee567\kotlin-stdlib-2.1.20.jar;C:\Users\measl\.gradle\caches\modules-2\files-2.1\org.jetbrains.kotlin\kotlin-script-runtime\2.1.20\f7c623d7f7bdb01f5ccd6b437bc0a937fcd7c57e\kotlin-script-runtime-2.1.20.jar;C:\Users\measl\.gradle\caches\modules-2\files-2.1\org.jetbrains.kotlin\kotlin-reflect\1.6.10\1cbe9c92c12a94eea200d23c2bbaedaf3daf5132\kotlin-reflect-1.6.10.jar;C:\Users\measl\.gradle\caches\modules-2\files-2.1\org.jetbrains.kotlin\kotlin-daemon-embeddable\2.1.20\95670fce77befd02a70a0bc3abe8ee4533521334\kotlin-daemon-embeddable-2.1.20.jar;C:\Users\measl\.gradle\caches\modules-2\files-2.1\org.jetbrains.intellij.deps\trove4j\1.0.20200330\3afb14d5f9ceb459d724e907a21145e8ff394f02\trove4j-1.0.20200330.jar;C:\Users\measl\.gradle\caches\modules-2\files-2.1\org.jetbrains.kotlinx\kotlinx-coroutines-core-jvm\1.8.0\ac1dc37a30a93150b704022f8d895ee1bd3a36b3\kotlinx-coroutines-core-jvm-1.8.0.jar;C:\Users\measl\.gradle\caches\modules-2\files-2.1\org.jetbrains\annotations\13.0\919f0dfe192fb4e063e7dacadee7f8bb9a2672a9\annotations-13.0.jar
Launcher Type: SUN_STANDARD

[Global flags]
     intx CICompilerCount                          = 12                                        {product} {ergonomic}
     uint ConcGCThreads                            = 4                                         {product} {ergonomic}
     uint G1ConcRefinementThreads                  = 15                                        {product} {ergonomic}
   size_t G1HeapRegionSize                         = 2097152                                   {product} {ergonomic}
    uintx GCDrainStackTargetSize                   = 64                                        {product} {ergonomic}
   size_t InitialHeapSize                          = 264241152                                 {product} {ergonomic}
   size_t MarkStackSize                            = 4194304                                   {product} {ergonomic}
   size_t MaxHeapSize                              = 4208984064                                {product} {ergonomic}
   size_t MinHeapDeltaBytes                        = 2097152                                   {product} {ergonomic}
   size_t MinHeapSize                              = 8388608                                   {product} {ergonomic}
    uintx NonNMethodCodeHeapSize                   = 7602480                                {pd product} {ergonomic}
    uintx NonProfiledCodeHeapSize                  = 122027880                              {pd product} {ergonomic}
    uintx ProfiledCodeHeapSize                     = 122027880                              {pd product} {ergonomic}
    uintx ReservedCodeCacheSize                    = 251658240                              {pd product} {ergonomic}
     bool SegmentedCodeCache                       = true                                      {product} {ergonomic}
   size_t SoftMaxHeapSize                          = 4208984064                             {manageable} {ergonomic}
     bool UseCompressedClassPointers               = true                           {product lp64_product} {ergonomic}
     bool UseCompressedOops                        = true                           {product lp64_product} {ergonomic}
     bool UseG1GC                                  = true                                      {product} {ergonomic}
     bool UseLargePagesIndividualAllocation        = false                                  {pd product} {ergonomic}

Logging:
Log output configuration:
 #0: stdout all=warning uptime,level,tags
 #1: stderr all=off uptime,level,tags

Environment Variables:
JAVA_HOME=C:\Program Files\Java\jdk-17
PATH=C:\Program Files\Eclipse Adoptium\jdk-21.0.8.9-hotspot\bin;C:\Program Files\Oculus\Support\oculus-runtime;c:\Users\measl\AppData\Local\Programs\cursor\resources\app\bin;C:\Program Files\Common Files\Oracle\Java\javapath;C:\Program Files (x86)\Common Files\Oracle\Java\java8path;C:\Program Files (x86)\Common Files\Oracle\Java\javapath;C:\Program Files (x86)\VMware\VMware Player\bin\;C:\Windows\system32;C:\Windows;C:\Windows\System32\Wbem;C:\Windows\System32\WindowsPowerShell\v1.0\;C:\Windows\System32\OpenSSH\;C:\Program Files\NVIDIA Corporation\NVIDIA NvDLISR;C:\Program Files (x86)\NVIDIA Corporation\PhysX\Common;C:\Program Files\Microsoft SQL Server\150\Tools\Binn\;C:\Program Files\Microsoft SQL Server\Client SDK\ODBC\170\Tools\Binn\;C:\Program Files\dotnet\;C:\src\flutter\bin;C:\Program Files\Azure Data Studio\bin;C:\Program Files (x86)\Microsoft SQL Server\160\DTS\Binn\;C:\ProgramData\chocolatey\bin;C:\src\dart-sdk\bin;C:\src\curl-8.2.1_1-win64-mingw;C:\Program Files\Docker\Docker\resources\bin;C:\Program Files (x86)\Microsoft SQL Server\150\Tools\Binn\;C:\Program;c:\Users\measl\AppData\Local\Programs\cursor\resources\app\bin;C:\xampp\php;C:\composer;C:\Program Files\nodejs\;C:\Program Files\Git\cmd;C:\Program Files (x86)\Microsoft SQL Server\150\DTS\Binn\;C:\Program Files\Microsoft SQL Server\150\DTS\Binn\;C:\Program Files (x86)\Google\Cloud SDK\google-cloud-sdk\bin;C:\ngrok;C:\Program Files\PowerShell\7\;C:\Program Files\Calibre2\;C:\Program Files\Kubernetes\Minikube;C:\Program Files\PowerShell\7;C:\Program Files\MySQL\MySQL Shell 8.0\bin\;C:\Users\measl\AppData\Local\Android\Sdk\platform-tools;C:\Users\measl\AppData\Local\Android\Sdk\tools;C:\Users\measl\AppData\Local\jdk-11.0.2\bin;C:\Program Files\platform-tools;C:\Users\measl\AppData\Local\Programs\Python\Python311\Scripts\;C:\Users\measl\AppData\Local\Programs\Python\Python311\;C:\Users\measl\AppData\Local\Microsoft\WindowsApps;C:\Users\measl\AppData\Local\Programs\Microsoft VS Code Insiders\bin;C:\Python3
USERNAME=measl
OS=Windows_NT
PROCESSOR_IDENTIFIER=Intel64 Family 6 Model 154 Stepping 3, GenuineIntel



---------------  S Y S T E M  ---------------

OS:
 Windows 11 , 64 bit Build 26100 (10.0.26100.7705)
OS uptime: 0 days 2:09 hours
Hyper-V role detected

CPU: total 20 (initial active 20) (10 cores per cpu, 2 threads per core) family 6 model 154 stepping 3 microcode 0x42c, cx8, cmov, fxsr, ht, mmx, 3dnowpref, sse, sse2, sse3, ssse3, sse4.1, sse4.2, popcnt, lzcnt, tsc, tscinvbit, avx, avx2, aes, erms, clmul, bmi1, bmi2, adx, sha, fma, vzeroupper, clflush, clflushopt, clwb, hv

Memory: 4k page, system-wide physical 16051M (1372M free)
TotalPageFile size 32247M (AvailPageFile size 243M)
current process WorkingSet (physical memory assigned to process): 12M, peak: 12M
current process commit charge ("private bytes"): 75M, peak: 327M

vm_info: Java HotSpot(TM) 64-Bit Server VM (17.0.11+7-LTS-207) for windows-amd64 JRE (17.0.11+7-LTS-207), built on Mar 11 2024 19:01:50 by "mach5one" with MS VC++ 17.6 (VS2022)

END.
